2025-11-25 11:16:09 INFO  com.example.bookappdemo.Application - Starting Application using Java 25 with PID 96717 (/Users/guylubovitch/Documents/work/java/redis-bookapp-with-user/target/bookapp-demo-0.0.1-SNAPSHOT.jar started by guylubovitch in /Users/guylubovitch/Documents/work/java/redis-bookapp-with-user)
2025-11-25 11:16:09 INFO  com.example.bookappdemo.Application - No active profile set, falling back to 1 default profile: "default"
2025-11-25 11:16:09 INFO  o.s.b.w.e.tomcat.TomcatWebServer - Tomcat initialized with port 8080 (http)
2025-11-25 11:16:09 INFO  o.a.coyote.http11.Http11NioProtocol - Initializing ProtocolHandler ["http-nio-8080"]
2025-11-25 11:16:09 INFO  o.a.catalina.core.StandardService - Starting service [Tomcat]
2025-11-25 11:16:09 INFO  o.a.catalina.core.StandardEngine - Starting Servlet engine: [Apache Tomcat/10.1.44]
2025-11-25 11:16:10 INFO  o.a.c.c.C.[Tomcat].[localhost].[/] - Initializing Spring embedded WebApplicationContext
2025-11-25 11:16:10 INFO  o.s.b.w.s.c.ServletWebServerApplicationContext - Root WebApplicationContext: initialization completed in 396 ms
2025-11-25 11:16:10 INFO  c.e.b.BookInventorySimulationService - Starting Book Inventory Simulation Service...
2025-11-25 11:16:10 INFO  c.e.b.BookInventorySimulationService - Book Inventory Simulation Service started with 10 fake users
2025-11-25 11:16:10 INFO  o.s.b.a.w.s.WelcomePageHandlerMapping - Adding welcome page template: index
2025-11-25 11:16:10 INFO  o.s.v.b.OptionalValidatorFactoryBean - Failed to set up a Bean Validation provider: jakarta.validation.NoProviderFoundException: Unable to create a Configuration, because no Jakarta Bean Validation provider could be found. Add a provider like Hibernate Validator (RI) to your classpath.
2025-11-25 11:16:10 INFO  o.a.coyote.http11.Http11NioProtocol - Starting ProtocolHandler ["http-nio-8080"]
2025-11-25 11:16:10 INFO  o.s.b.w.e.tomcat.TomcatWebServer - Tomcat started on port 8080 (http) with context path '/'
2025-11-25 11:16:10 INFO  com.example.bookappdemo.Application - Started Application in 0.876 seconds (process running for 1.316)
2025-11-25 11:16:13 INFO  c.e.b.BookInventorySimulationService - About to update inventory: Book ID=46, User=edward_norton, Old Inventory=18, New Inventory=14
2025-11-25 11:16:13 INFO  c.e.b.BookInventorySimulationService - Simulated inventory update: Book ID=46, User=edward_norton, Old Inventory=18, New Inventory=14
2025-11-25 11:16:16 INFO  c.e.b.BookInventorySimulationService - About to update inventory: Book ID=76, User=edward_norton, Old Inventory=108, New Inventory=121
2025-11-25 11:16:16 INFO  c.e.b.BookInventorySimulationService - Simulated inventory update: Book ID=76, User=edward_norton, Old Inventory=108, New Inventory=121
2025-11-25 11:16:19 INFO  c.e.b.BookInventorySimulationService - About to update inventory: Book ID=89, User=isaac_newton, Old Inventory=27, New Inventory=26
2025-11-25 11:16:19 INFO  c.e.b.BookInventorySimulationService - Simulated inventory update: Book ID=89, User=isaac_newton, Old Inventory=27, New Inventory=26
2025-11-25 11:16:22 INFO  c.e.b.BookInventorySimulationService - About to update inventory: Book ID=84, User=george_wilson, Old Inventory=12, New Inventory=29
2025-11-25 11:16:22 INFO  c.e.b.BookInventorySimulationService - Simulated inventory update: Book ID=84, User=george_wilson, Old Inventory=12, New Inventory=29
2025-11-25 11:16:25 INFO  c.e.b.BookInventorySimulationService - About to update inventory: Book ID=64, User=hannah_martin, Old Inventory=72, New Inventory=78
2025-11-25 11:16:25 INFO  c.e.b.BookInventorySimulationService - Simulated inventory update: Book ID=64, User=hannah_martin, Old Inventory=72, New Inventory=78
2025-11-25 11:16:28 INFO  c.e.b.BookInventorySimulationService - About to update inventory: Book ID=60, User=edward_norton, Old Inventory=60, New Inventory=72
2025-11-25 11:16:28 INFO  c.e.b.BookInventorySimulationService - Simulated inventory update: Book ID=60, User=edward_norton, Old Inventory=60, New Inventory=72
2025-11-25 11:16:31 INFO  c.e.b.BookInventorySimulationService - About to update inventory: Book ID=2, User=isaac_newton, Old Inventory=6, New Inventory=11
2025-11-25 11:16:31 INFO  c.e.b.BookInventorySimulationService - Simulated inventory update: Book ID=2, User=isaac_newton, Old Inventory=6, New Inventory=11
2025-11-25 11:16:34 INFO  c.e.b.BookInventorySimulationService - About to update inventory: Book ID=98, User=hannah_martin, Old Inventory=54, New Inventory=59
2025-11-25 11:16:34 INFO  c.e.b.BookInventorySimulationService - Simulated inventory update: Book ID=98, User=hannah_martin, Old Inventory=54, New Inventory=59
2025-11-25 11:16:37 INFO  c.e.b.BookInventorySimulationService - About to update inventory: Book ID=90, User=charlie_brown, Old Inventory=30, New Inventory=46
2025-11-25 11:16:37 INFO  c.e.b.BookInventorySimulationService - Simulated inventory update: Book ID=90, User=charlie_brown, Old Inventory=30, New Inventory=46
2025-11-25 11:16:40 INFO  c.e.b.BookInventorySimulationService - About to update inventory: Book ID=38, User=george_wilson, Old Inventory=114, New Inventory=111
2025-11-25 11:16:40 INFO  c.e.b.BookInventorySimulationService - Simulated inventory update: Book ID=38, User=george_wilson, Old Inventory=114, New Inventory=111
2025-11-25 11:16:43 INFO  c.e.b.BookInventorySimulationService - About to update inventory: Book ID=80, User=fiona_green, Old Inventory=0, New Inventory=6
2025-11-25 11:16:43 INFO  c.e.b.BookInventorySimulationService - Simulated inventory update: Book ID=80, User=fiona_green, Old Inventory=0, New Inventory=6
2025-11-25 11:16:46 INFO  c.e.b.BookInventorySimulationService - About to update inventory: Book ID=39, User=julia_roberts, Old Inventory=117, New Inventory=133
2025-11-25 11:16:46 INFO  c.e.b.BookInventorySimulationService - Simulated inventory update: Book ID=39, User=julia_roberts, Old Inventory=117, New Inventory=133
2025-11-25 11:16:49 INFO  c.e.b.BookInventorySimulationService - About to update inventory: Book ID=97, User=hannah_martin, Old Inventory=51, New Inventory=66
2025-11-25 11:16:49 INFO  c.e.b.BookInventorySimulationService - Simulated inventory update: Book ID=97, User=hannah_martin, Old Inventory=51, New Inventory=66
2025-11-25 11:16:52 INFO  c.e.b.BookInventorySimulationService - About to update inventory: Book ID=2, User=diana_prince, Old Inventory=11, New Inventory=27
2025-11-25 11:16:52 INFO  c.e.b.BookInventorySimulationService - Simulated inventory update: Book ID=2, User=diana_prince, Old Inventory=11, New Inventory=27
2025-11-25 11:16:56 INFO  c.e.b.BookInventorySimulationService - About to update inventory: Book ID=70, User=bob_jones, Old Inventory=90, New Inventory=84
2025-11-25 11:16:56 INFO  c.e.b.BookInventorySimulationService - Simulated inventory update: Book ID=70, User=bob_jones, Old Inventory=90, New Inventory=84
2025-11-25 11:16:59 INFO  c.e.b.BookInventorySimulationService - About to update inventory: Book ID=8, User=edward_norton, Old Inventory=24, New Inventory=30
2025-11-25 11:16:59 INFO  c.e.b.BookInventorySimulationService - Simulated inventory update: Book ID=8, User=edward_norton, Old Inventory=24, New Inventory=30
2025-11-25 11:17:02 INFO  c.e.b.BookInventorySimulationService - About to update inventory: Book ID=3, User=diana_prince, Old Inventory=9, New Inventory=18
2025-11-25 11:17:02 INFO  c.e.b.BookInventorySimulationService - Simulated inventory update: Book ID=3, User=diana_prince, Old Inventory=9, New Inventory=18
2025-11-25 11:17:05 INFO  c.e.b.BookInventorySimulationService - About to update inventory: Book ID=90, User=edward_norton, Old Inventory=46, New Inventory=65
2025-11-25 11:17:05 INFO  c.e.b.BookInventorySimulationService - Simulated inventory update: Book ID=90, User=edward_norton, Old Inventory=46, New Inventory=65
2025-11-25 11:17:08 INFO  c.e.b.BookInventorySimulationService - About to update inventory: Book ID=62, User=diana_prince, Old Inventory=66, New Inventory=58
2025-11-25 11:17:08 INFO  c.e.b.BookInventorySimulationService - Simulated inventory update: Book ID=62, User=diana_prince, Old Inventory=66, New Inventory=58
2025-11-25 11:17:11 INFO  c.e.b.BookInventorySimulationService - About to update inventory: Book ID=94, User=bob_jones, Old Inventory=42, New Inventory=45
2025-11-25 11:17:11 INFO  c.e.b.BookInventorySimulationService - Simulated inventory update: Book ID=94, User=bob_jones, Old Inventory=42, New Inventory=45
2025-11-25 11:17:14 INFO  c.e.b.BookInventorySimulationService - About to update inventory: Book ID=8, User=charlie_brown, Old Inventory=30, New Inventory=26
2025-11-25 11:17:14 INFO  c.e.b.BookInventorySimulationService - Simulated inventory update: Book ID=8, User=charlie_brown, Old Inventory=30, New Inventory=26
2025-11-25 11:17:17 INFO  c.e.b.BookInventorySimulationService - About to update inventory: Book ID=11, User=julia_roberts, Old Inventory=33, New Inventory=34
2025-11-25 11:17:17 INFO  c.e.b.BookInventorySimulationService - Simulated inventory update: Book ID=11, User=julia_roberts, Old Inventory=33, New Inventory=34
2025-11-25 11:17:20 INFO  c.e.b.BookInventorySimulationService - About to update inventory: Book ID=52, User=julia_roberts, Old Inventory=36, New Inventory=44
2025-11-25 11:17:20 INFO  c.e.b.BookInventorySimulationService - Simulated inventory update: Book ID=52, User=julia_roberts, Old Inventory=36, New Inventory=44
2025-11-25 11:17:23 INFO  c.e.b.BookInventorySimulationService - About to update inventory: Book ID=5, User=george_wilson, Old Inventory=15, New Inventory=29
2025-11-25 11:17:23 INFO  c.e.b.BookInventorySimulationService - Simulated inventory update: Book ID=5, User=george_wilson, Old Inventory=15, New Inventory=29
2025-11-25 11:17:26 INFO  c.e.b.BookInventorySimulationService - About to update inventory: Book ID=19, User=george_wilson, Old Inventory=57, New Inventory=60
2025-11-25 11:17:26 INFO  c.e.b.BookInventorySimulationService - Simulated inventory update: Book ID=19, User=george_wilson, Old Inventory=57, New Inventory=60
2025-11-25 11:17:29 INFO  c.e.b.BookInventorySimulationService - About to update inventory: Book ID=93, User=alice_smith, Old Inventory=39, New Inventory=30
2025-11-25 11:17:29 INFO  c.e.b.BookInventorySimulationService - Simulated inventory update: Book ID=93, User=alice_smith, Old Inventory=39, New Inventory=30
2025-11-25 11:17:32 INFO  c.e.b.BookInventorySimulationService - About to update inventory: Book ID=71, User=george_wilson, Old Inventory=93, New Inventory=112
2025-11-25 11:17:32 INFO  c.e.b.BookInventorySimulationService - Simulated inventory update: Book ID=71, User=george_wilson, Old Inventory=93, New Inventory=112
2025-11-25 11:17:35 INFO  c.e.b.BookInventorySimulationService - About to update inventory: Book ID=100, User=fiona_green, Old Inventory=60, New Inventory=60
2025-11-25 11:17:35 INFO  c.e.b.BookInventorySimulationService - Simulated inventory update: Book ID=100, User=fiona_green, Old Inventory=60, New Inventory=60
2025-11-25 11:17:38 INFO  c.e.b.BookInventorySimulationService - About to update inventory: Book ID=29, User=edward_norton, Old Inventory=87, New Inventory=95
2025-11-25 11:17:39 INFO  c.e.b.BookInventorySimulationService - Simulated inventory update: Book ID=29, User=edward_norton, Old Inventory=87, New Inventory=95
2025-11-25 11:17:42 INFO  c.e.b.BookInventorySimulationService - About to update inventory: Book ID=42, User=edward_norton, Old Inventory=6, New Inventory=26
2025-11-25 11:17:42 INFO  c.e.b.BookInventorySimulationService - Simulated inventory update: Book ID=42, User=edward_norton, Old Inventory=6, New Inventory=26
2025-11-25 11:17:45 INFO  c.e.b.BookInventorySimulationService - About to update inventory: Book ID=91, User=diana_prince, Old Inventory=33, New Inventory=49
2025-11-25 11:17:45 INFO  c.e.b.BookInventorySimulationService - Simulated inventory update: Book ID=91, User=diana_prince, Old Inventory=33, New Inventory=49
2025-11-25 11:17:48 INFO  c.e.b.BookInventorySimulationService - About to update inventory: Book ID=3, User=george_wilson, Old Inventory=18, New Inventory=30
2025-11-25 11:17:48 INFO  c.e.b.BookInventorySimulationService - Simulated inventory update: Book ID=3, User=george_wilson, Old Inventory=18, New Inventory=30
2025-11-25 11:17:51 INFO  c.e.b.BookInventorySimulationService - About to update inventory: Book ID=86, User=julia_roberts, Old Inventory=18, New Inventory=23
2025-11-25 11:17:51 INFO  c.e.b.BookInventorySimulationService - Simulated inventory update: Book ID=86, User=julia_roberts, Old Inventory=18, New Inventory=23
2025-11-25 11:17:54 INFO  c.e.b.BookInventorySimulationService - About to update inventory: Book ID=70, User=edward_norton, Old Inventory=84, New Inventory=76
2025-11-25 11:17:54 INFO  c.e.b.BookInventorySimulationService - Simulated inventory update: Book ID=70, User=edward_norton, Old Inventory=84, New Inventory=76
2025-11-25 11:17:57 INFO  c.e.b.BookInventorySimulationService - About to update inventory: Book ID=86, User=isaac_newton, Old Inventory=23, New Inventory=37
2025-11-25 11:17:57 INFO  c.e.b.BookInventorySimulationService - Simulated inventory update: Book ID=86, User=isaac_newton, Old Inventory=23, New Inventory=37
2025-11-25 11:18:00 INFO  c.e.b.BookInventorySimulationService - About to update inventory: Book ID=98, User=edward_norton, Old Inventory=59, New Inventory=72
2025-11-25 11:18:00 INFO  c.e.b.BookInventorySimulationService - Simulated inventory update: Book ID=98, User=edward_norton, Old Inventory=59, New Inventory=72
2025-11-25 11:18:03 INFO  c.e.b.BookInventorySimulationService - About to update inventory: Book ID=45, User=julia_roberts, Old Inventory=15, New Inventory=6
2025-11-25 11:18:03 INFO  c.e.b.BookInventorySimulationService - Simulated inventory update: Book ID=45, User=julia_roberts, Old Inventory=15, New Inventory=6
2025-11-25 11:18:06 INFO  c.e.b.BookInventorySimulationService - About to update inventory: Book ID=48, User=fiona_green, Old Inventory=24, New Inventory=41
2025-11-25 11:18:06 INFO  c.e.b.BookInventorySimulationService - Simulated inventory update: Book ID=48, User=fiona_green, Old Inventory=24, New Inventory=41
2025-11-25 11:18:09 INFO  c.e.b.BookInventorySimulationService - About to update inventory: Book ID=89, User=julia_roberts, Old Inventory=26, New Inventory=29
2025-11-25 11:18:09 INFO  c.e.b.BookInventorySimulationService - Simulated inventory update: Book ID=89, User=julia_roberts, Old Inventory=26, New Inventory=29
2025-11-25 11:18:12 INFO  c.e.b.BookInventorySimulationService - About to update inventory: Book ID=67, User=isaac_newton, Old Inventory=81, New Inventory=80
2025-11-25 11:18:12 INFO  c.e.b.BookInventorySimulationService - Simulated inventory update: Book ID=67, User=isaac_newton, Old Inventory=81, New Inventory=80
2025-11-25 11:18:15 INFO  c.e.b.BookInventorySimulationService - About to update inventory: Book ID=29, User=isaac_newton, Old Inventory=95, New Inventory=109
2025-11-25 11:18:15 INFO  c.e.b.BookInventorySimulationService - Simulated inventory update: Book ID=29, User=isaac_newton, Old Inventory=95, New Inventory=109
2025-11-25 11:18:19 INFO  c.e.b.BookInventorySimulationService - About to update inventory: Book ID=97, User=bob_jones, Old Inventory=66, New Inventory=72
2025-11-25 11:18:19 INFO  c.e.b.BookInventorySimulationService - Simulated inventory update: Book ID=97, User=bob_jones, Old Inventory=66, New Inventory=72
2025-11-25 11:18:22 INFO  c.e.b.BookInventorySimulationService - About to update inventory: Book ID=24, User=george_wilson, Old Inventory=72, New Inventory=77
2025-11-25 11:18:22 INFO  c.e.b.BookInventorySimulationService - Simulated inventory update: Book ID=24, User=george_wilson, Old Inventory=72, New Inventory=77
2025-11-25 11:18:25 INFO  c.e.b.BookInventorySimulationService - About to update inventory: Book ID=67, User=edward_norton, Old Inventory=80, New Inventory=89
2025-11-25 11:18:25 INFO  c.e.b.BookInventorySimulationService - Simulated inventory update: Book ID=67, User=edward_norton, Old Inventory=80, New Inventory=89
2025-11-25 11:18:28 INFO  c.e.b.BookInventorySimulationService - About to update inventory: Book ID=30, User=george_wilson, Old Inventory=90, New Inventory=104
2025-11-25 11:18:28 INFO  c.e.b.BookInventorySimulationService - Simulated inventory update: Book ID=30, User=george_wilson, Old Inventory=90, New Inventory=104
2025-11-25 11:18:31 INFO  c.e.b.BookInventorySimulationService - About to update inventory: Book ID=34, User=charlie_brown, Old Inventory=102, New Inventory=117
2025-11-25 11:18:31 INFO  c.e.b.BookInventorySimulationService - Simulated inventory update: Book ID=34, User=charlie_brown, Old Inventory=102, New Inventory=117
2025-11-25 11:18:34 INFO  c.e.b.BookInventorySimulationService - About to update inventory: Book ID=57, User=edward_norton, Old Inventory=51, New Inventory=65
2025-11-25 11:18:34 INFO  c.e.b.BookInventorySimulationService - Simulated inventory update: Book ID=57, User=edward_norton, Old Inventory=51, New Inventory=65
2025-11-25 11:18:37 INFO  c.e.b.BookInventorySimulationService - About to update inventory: Book ID=67, User=charlie_brown, Old Inventory=89, New Inventory=97
2025-11-25 11:18:37 INFO  c.e.b.BookInventorySimulationService - Simulated inventory update: Book ID=67, User=charlie_brown, Old Inventory=89, New Inventory=97
2025-11-25 11:18:40 INFO  c.e.b.BookInventorySimulationService - About to update inventory: Book ID=13, User=julia_roberts, Old Inventory=39, New Inventory=33
2025-11-25 11:18:40 INFO  c.e.b.BookInventorySimulationService - Simulated inventory update: Book ID=13, User=julia_roberts, Old Inventory=39, New Inventory=33
2025-11-25 11:18:43 INFO  c.e.b.BookInventorySimulationService - About to update inventory: Book ID=18, User=fiona_green, Old Inventory=54, New Inventory=50
2025-11-25 11:18:43 INFO  c.e.b.BookInventorySimulationService - Simulated inventory update: Book ID=18, User=fiona_green, Old Inventory=54, New Inventory=50
2025-11-25 11:18:46 INFO  c.e.b.BookInventorySimulationService - About to update inventory: Book ID=9, User=george_wilson, Old Inventory=31, New Inventory=34
2025-11-25 11:18:46 INFO  c.e.b.BookInventorySimulationService - Simulated inventory update: Book ID=9, User=george_wilson, Old Inventory=31, New Inventory=34
2025-11-25 11:18:49 INFO  c.e.b.BookInventorySimulationService - About to update inventory: Book ID=62, User=bob_jones, Old Inventory=58, New Inventory=76
2025-11-25 11:18:49 INFO  c.e.b.BookInventorySimulationService - Simulated inventory update: Book ID=62, User=bob_jones, Old Inventory=58, New Inventory=76
2025-11-25 11:18:52 INFO  c.e.b.BookInventorySimulationService - About to update inventory: Book ID=17, User=fiona_green, Old Inventory=51, New Inventory=69
2025-11-25 11:18:52 INFO  c.e.b.BookInventorySimulationService - Simulated inventory update: Book ID=17, User=fiona_green, Old Inventory=51, New Inventory=69
2025-11-25 11:18:55 INFO  c.e.b.BookInventorySimulationService - About to update inventory: Book ID=70, User=julia_roberts, Old Inventory=76, New Inventory=79
2025-11-25 11:18:55 INFO  c.e.b.BookInventorySimulationService - Simulated inventory update: Book ID=70, User=julia_roberts, Old Inventory=76, New Inventory=79
2025-11-25 11:18:58 INFO  c.e.b.BookInventorySimulationService - About to update inventory: Book ID=80, User=bob_jones, Old Inventory=6, New Inventory=26
2025-11-25 11:18:58 INFO  c.e.b.BookInventorySimulationService - Simulated inventory update: Book ID=80, User=bob_jones, Old Inventory=6, New Inventory=26
2025-11-25 11:19:01 INFO  c.e.b.BookInventorySimulationService - About to update inventory: Book ID=27, User=julia_roberts, Old Inventory=81, New Inventory=78
2025-11-25 11:19:01 INFO  c.e.b.BookInventorySimulationService - Simulated inventory update: Book ID=27, User=julia_roberts, Old Inventory=81, New Inventory=78
2025-11-25 11:19:05 INFO  c.e.b.BookInventorySimulationService - About to update inventory: Book ID=35, User=hannah_martin, Old Inventory=105, New Inventory=102
2025-11-25 11:19:05 INFO  c.e.b.BookInventorySimulationService - Simulated inventory update: Book ID=35, User=hannah_martin, Old Inventory=105, New Inventory=102
2025-11-25 11:19:08 INFO  c.e.b.BookInventorySimulationService - About to update inventory: Book ID=83, User=fiona_green, Old Inventory=9, New Inventory=11
2025-11-25 11:19:08 INFO  c.e.b.BookInventorySimulationService - Simulated inventory update: Book ID=83, User=fiona_green, Old Inventory=9, New Inventory=11
2025-11-25 11:19:11 INFO  c.e.b.BookInventorySimulationService - About to update inventory: Book ID=57, User=diana_prince, Old Inventory=65, New Inventory=69
2025-11-25 11:19:11 INFO  c.e.b.BookInventorySimulationService - Simulated inventory update: Book ID=57, User=diana_prince, Old Inventory=65, New Inventory=69
2025-11-25 11:19:14 INFO  c.e.b.BookInventorySimulationService - About to update inventory: Book ID=23, User=fiona_green, Old Inventory=69, New Inventory=68
2025-11-25 11:19:14 INFO  c.e.b.BookInventorySimulationService - Simulated inventory update: Book ID=23, User=fiona_green, Old Inventory=69, New Inventory=68
2025-11-25 11:19:17 INFO  c.e.b.BookInventorySimulationService - About to update inventory: Book ID=65, User=julia_roberts, Old Inventory=75, New Inventory=71
2025-11-25 11:19:17 INFO  c.e.b.BookInventorySimulationService - Simulated inventory update: Book ID=65, User=julia_roberts, Old Inventory=75, New Inventory=71
2025-11-25 11:19:20 INFO  c.e.b.BookInventorySimulationService - About to update inventory: Book ID=6, User=hannah_martin, Old Inventory=18, New Inventory=14
2025-11-25 11:19:20 INFO  c.e.b.BookInventorySimulationService - Simulated inventory update: Book ID=6, User=hannah_martin, Old Inventory=18, New Inventory=14
2025-11-25 11:19:23 INFO  c.e.b.BookInventorySimulationService - About to update inventory: Book ID=91, User=julia_roberts, Old Inventory=49, New Inventory=49
2025-11-25 11:19:23 INFO  c.e.b.BookInventorySimulationService - Simulated inventory update: Book ID=91, User=julia_roberts, Old Inventory=49, New Inventory=49
2025-11-25 11:19:26 INFO  c.e.b.BookInventorySimulationService - About to update inventory: Book ID=20, User=charlie_brown, Old Inventory=60, New Inventory=77
2025-11-25 11:19:26 INFO  c.e.b.BookInventorySimulationService - Simulated inventory update: Book ID=20, User=charlie_brown, Old Inventory=60, New Inventory=77
2025-11-25 11:19:29 INFO  c.e.b.BookInventorySimulationService - About to update inventory: Book ID=96, User=hannah_martin, Old Inventory=48, New Inventory=56
2025-11-25 11:19:29 INFO  c.e.b.BookInventorySimulationService - Simulated inventory update: Book ID=96, User=hannah_martin, Old Inventory=48, New Inventory=56
2025-11-25 11:19:32 INFO  c.e.b.BookInventorySimulationService - About to update inventory: Book ID=30, User=edward_norton, Old Inventory=104, New Inventory=114
2025-11-25 11:19:32 INFO  c.e.b.BookInventorySimulationService - Simulated inventory update: Book ID=30, User=edward_norton, Old Inventory=104, New Inventory=114
2025-11-25 11:19:35 INFO  c.e.b.BookInventorySimulationService - About to update inventory: Book ID=99, User=fiona_green, Old Inventory=57, New Inventory=69
2025-11-25 11:19:35 INFO  c.e.b.BookInventorySimulationService - Simulated inventory update: Book ID=99, User=fiona_green, Old Inventory=57, New Inventory=69
2025-11-25 11:19:38 INFO  c.e.b.BookInventorySimulationService - About to update inventory: Book ID=78, User=george_wilson, Old Inventory=114, New Inventory=126
2025-11-25 11:19:38 INFO  c.e.b.BookInventorySimulationService - Simulated inventory update: Book ID=78, User=george_wilson, Old Inventory=114, New Inventory=126
2025-11-25 11:19:41 INFO  c.e.b.BookInventorySimulationService - About to update inventory: Book ID=64, User=diana_prince, Old Inventory=78, New Inventory=82
2025-11-25 11:19:41 INFO  c.e.b.BookInventorySimulationService - Simulated inventory update: Book ID=64, User=diana_prince, Old Inventory=78, New Inventory=82
2025-11-25 11:19:44 INFO  c.e.b.BookInventorySimulationService - About to update inventory: Book ID=12, User=charlie_brown, Old Inventory=36, New Inventory=30
2025-11-25 11:19:44 INFO  c.e.b.BookInventorySimulationService - Simulated inventory update: Book ID=12, User=charlie_brown, Old Inventory=36, New Inventory=30
2025-11-25 11:19:47 INFO  c.e.b.BookInventorySimulationService - About to update inventory: Book ID=86, User=alice_smith, Old Inventory=37, New Inventory=50
2025-11-25 11:19:47 INFO  c.e.b.BookInventorySimulationService - Simulated inventory update: Book ID=86, User=alice_smith, Old Inventory=37, New Inventory=50
2025-11-25 11:19:50 INFO  c.e.b.BookInventorySimulationService - About to update inventory: Book ID=24, User=diana_prince, Old Inventory=77, New Inventory=90
2025-11-25 11:19:50 INFO  c.e.b.BookInventorySimulationService - Simulated inventory update: Book ID=24, User=diana_prince, Old Inventory=77, New Inventory=90
2025-11-25 11:19:53 INFO  c.e.b.BookInventorySimulationService - About to update inventory: Book ID=49, User=george_wilson, Old Inventory=27, New Inventory=32
2025-11-25 11:19:53 INFO  c.e.b.BookInventorySimulationService - Simulated inventory update: Book ID=49, User=george_wilson, Old Inventory=27, New Inventory=32
2025-11-25 11:19:56 INFO  c.e.b.BookInventorySimulationService - About to update inventory: Book ID=33, User=charlie_brown, Old Inventory=99, New Inventory=106
2025-11-25 11:19:56 INFO  c.e.b.BookInventorySimulationService - Simulated inventory update: Book ID=33, User=charlie_brown, Old Inventory=99, New Inventory=106
2025-11-25 11:19:59 INFO  c.e.b.BookInventorySimulationService - About to update inventory: Book ID=94, User=julia_roberts, Old Inventory=45, New Inventory=46
2025-11-25 11:19:59 INFO  c.e.b.BookInventorySimulationService - Simulated inventory update: Book ID=94, User=julia_roberts, Old Inventory=45, New Inventory=46
2025-11-25 11:20:02 INFO  c.e.b.BookInventorySimulationService - About to update inventory: Book ID=73, User=julia_roberts, Old Inventory=99, New Inventory=108
2025-11-25 11:20:02 INFO  c.e.b.BookInventorySimulationService - Simulated inventory update: Book ID=73, User=julia_roberts, Old Inventory=99, New Inventory=108
2025-11-25 11:20:06 INFO  c.e.b.BookInventorySimulationService - About to update inventory: Book ID=36, User=bob_jones, Old Inventory=108, New Inventory=98
2025-11-25 11:20:06 INFO  c.e.b.BookInventorySimulationService - Simulated inventory update: Book ID=36, User=bob_jones, Old Inventory=108, New Inventory=98
2025-11-25 11:20:09 INFO  c.e.b.BookInventorySimulationService - About to update inventory: Book ID=97, User=isaac_newton, Old Inventory=72, New Inventory=67
2025-11-25 11:20:09 INFO  c.e.b.BookInventorySimulationService - Simulated inventory update: Book ID=97, User=isaac_newton, Old Inventory=72, New Inventory=67
2025-11-25 11:20:12 INFO  c.e.b.BookInventorySimulationService - About to update inventory: Book ID=5, User=george_wilson, Old Inventory=29, New Inventory=20
2025-11-25 11:20:12 INFO  c.e.b.BookInventorySimulationService - Simulated inventory update: Book ID=5, User=george_wilson, Old Inventory=29, New Inventory=20
2025-11-25 11:20:15 INFO  c.e.b.BookInventorySimulationService - About to update inventory: Book ID=33, User=bob_jones, Old Inventory=106, New Inventory=96
2025-11-25 11:20:15 INFO  c.e.b.BookInventorySimulationService - Simulated inventory update: Book ID=33, User=bob_jones, Old Inventory=106, New Inventory=96
2025-11-25 11:20:18 INFO  c.e.b.BookInventorySimulationService - About to update inventory: Book ID=59, User=isaac_newton, Old Inventory=57, New Inventory=63
2025-11-25 11:20:18 INFO  c.e.b.BookInventorySimulationService - Simulated inventory update: Book ID=59, User=isaac_newton, Old Inventory=57, New Inventory=63
2025-11-25 11:20:21 INFO  c.e.b.BookInventorySimulationService - About to update inventory: Book ID=65, User=alice_smith, Old Inventory=71, New Inventory=71
2025-11-25 11:20:21 INFO  c.e.b.BookInventorySimulationService - Simulated inventory update: Book ID=65, User=alice_smith, Old Inventory=71, New Inventory=71
2025-11-25 11:20:24 INFO  c.e.b.BookInventorySimulationService - About to update inventory: Book ID=46, User=charlie_brown, Old Inventory=14, New Inventory=22
2025-11-25 11:20:24 INFO  c.e.b.BookInventorySimulationService - Simulated inventory update: Book ID=46, User=charlie_brown, Old Inventory=14, New Inventory=22
2025-11-25 11:20:27 INFO  c.e.b.BookInventorySimulationService - About to update inventory: Book ID=37, User=charlie_brown, Old Inventory=111, New Inventory=128
2025-11-25 11:20:27 INFO  c.e.b.BookInventorySimulationService - Simulated inventory update: Book ID=37, User=charlie_brown, Old Inventory=111, New Inventory=128
2025-11-25 11:20:30 INFO  c.e.b.BookInventorySimulationService - About to update inventory: Book ID=98, User=alice_smith, Old Inventory=72, New Inventory=86
2025-11-25 11:20:30 INFO  c.e.b.BookInventorySimulationService - Simulated inventory update: Book ID=98, User=alice_smith, Old Inventory=72, New Inventory=86
2025-11-25 11:20:33 INFO  c.e.b.BookInventorySimulationService - About to update inventory: Book ID=54, User=diana_prince, Old Inventory=42, New Inventory=46
2025-11-25 11:20:33 INFO  c.e.b.BookInventorySimulationService - Simulated inventory update: Book ID=54, User=diana_prince, Old Inventory=42, New Inventory=46
2025-11-25 11:20:36 INFO  c.e.b.BookInventorySimulationService - About to update inventory: Book ID=57, User=alice_smith, Old Inventory=69, New Inventory=88
2025-11-25 11:20:36 INFO  c.e.b.BookInventorySimulationService - Simulated inventory update: Book ID=57, User=alice_smith, Old Inventory=69, New Inventory=88
2025-11-25 11:20:39 INFO  c.e.b.BookInventorySimulationService - About to update inventory: Book ID=42, User=edward_norton, Old Inventory=26, New Inventory=32
2025-11-25 11:20:39 INFO  c.e.b.BookInventorySimulationService - Simulated inventory update: Book ID=42, User=edward_norton, Old Inventory=26, New Inventory=32
2025-11-25 11:20:43 INFO  c.e.b.BookInventorySimulationService - About to update inventory: Book ID=11, User=fiona_green, Old Inventory=34, New Inventory=48
2025-11-25 11:20:43 INFO  c.e.b.BookInventorySimulationService - Simulated inventory update: Book ID=11, User=fiona_green, Old Inventory=34, New Inventory=48
2025-11-25 11:20:46 INFO  c.e.b.BookInventorySimulationService - About to update inventory: Book ID=21, User=hannah_martin, Old Inventory=63, New Inventory=57
2025-11-25 11:20:46 INFO  c.e.b.BookInventorySimulationService - Simulated inventory update: Book ID=21, User=hannah_martin, Old Inventory=63, New Inventory=57
2025-11-25 11:20:49 INFO  c.e.b.BookInventorySimulationService - About to update inventory: Book ID=87, User=julia_roberts, Old Inventory=21, New Inventory=21
2025-11-25 11:20:49 INFO  c.e.b.BookInventorySimulationService - Simulated inventory update: Book ID=87, User=julia_roberts, Old Inventory=21, New Inventory=21
2025-11-25 11:20:52 INFO  c.e.b.BookInventorySimulationService - About to update inventory: Book ID=73, User=isaac_newton, Old Inventory=108, New Inventory=128
2025-11-25 11:20:52 INFO  c.e.b.BookInventorySimulationService - Simulated inventory update: Book ID=73, User=isaac_newton, Old Inventory=108, New Inventory=128
2025-11-25 11:20:55 INFO  c.e.b.BookInventorySimulationService - About to update inventory: Book ID=1, User=isaac_newton, Old Inventory=45, New Inventory=50
2025-11-25 11:20:55 INFO  c.e.b.BookInventorySimulationService - Simulated inventory update: Book ID=1, User=isaac_newton, Old Inventory=45, New Inventory=50
2025-11-25 11:20:58 INFO  c.e.b.BookInventorySimulationService - About to update inventory: Book ID=26, User=fiona_green, Old Inventory=78, New Inventory=91
2025-11-25 11:20:58 INFO  c.e.b.BookInventorySimulationService - Simulated inventory update: Book ID=26, User=fiona_green, Old Inventory=78, New Inventory=91
2025-11-25 11:21:01 INFO  c.e.b.BookInventorySimulationService - About to update inventory: Book ID=43, User=diana_prince, Old Inventory=9, New Inventory=6
2025-11-25 11:21:01 INFO  c.e.b.BookInventorySimulationService - Simulated inventory update: Book ID=43, User=diana_prince, Old Inventory=9, New Inventory=6
2025-11-25 11:21:04 INFO  c.e.b.BookInventorySimulationService - About to update inventory: Book ID=2, User=isaac_newton, Old Inventory=27, New Inventory=32
2025-11-25 11:21:04 INFO  c.e.b.BookInventorySimulationService - Simulated inventory update: Book ID=2, User=isaac_newton, Old Inventory=27, New Inventory=32
2025-11-25 11:21:07 INFO  c.e.b.BookInventorySimulationService - About to update inventory: Book ID=25, User=bob_jones, Old Inventory=75, New Inventory=79
2025-11-25 11:21:07 INFO  c.e.b.BookInventorySimulationService - Simulated inventory update: Book ID=25, User=bob_jones, Old Inventory=75, New Inventory=79
2025-11-25 11:21:10 INFO  c.e.b.BookInventorySimulationService - About to update inventory: Book ID=48, User=diana_prince, Old Inventory=41, New Inventory=47
2025-11-25 11:21:10 INFO  c.e.b.BookInventorySimulationService - Simulated inventory update: Book ID=48, User=diana_prince, Old Inventory=41, New Inventory=47
2025-11-25 11:21:13 INFO  c.e.b.BookInventorySimulationService - About to update inventory: Book ID=31, User=bob_jones, Old Inventory=93, New Inventory=93
2025-11-25 11:21:13 INFO  c.e.b.BookInventorySimulationService - Simulated inventory update: Book ID=31, User=bob_jones, Old Inventory=93, New Inventory=93
2025-11-25 11:21:16 INFO  c.e.b.BookInventorySimulationService - About to update inventory: Book ID=36, User=charlie_brown, Old Inventory=98, New Inventory=106
2025-11-25 11:21:16 INFO  c.e.b.BookInventorySimulationService - Simulated inventory update: Book ID=36, User=charlie_brown, Old Inventory=98, New Inventory=106
2025-11-25 11:21:19 INFO  c.e.b.BookInventorySimulationService - About to update inventory: Book ID=50, User=bob_jones, Old Inventory=30, New Inventory=32
2025-11-25 11:21:19 INFO  c.e.b.BookInventorySimulationService - Simulated inventory update: Book ID=50, User=bob_jones, Old Inventory=30, New Inventory=32
2025-11-25 11:21:22 INFO  c.e.b.BookInventorySimulationService - About to update inventory: Book ID=7, User=julia_roberts, Old Inventory=21, New Inventory=16
2025-11-25 11:21:22 INFO  c.e.b.BookInventorySimulationService - Simulated inventory update: Book ID=7, User=julia_roberts, Old Inventory=21, New Inventory=16
2025-11-25 11:21:25 INFO  c.e.b.BookInventorySimulationService - About to update inventory: Book ID=86, User=bob_jones, Old Inventory=50, New Inventory=41
2025-11-25 11:21:25 INFO  c.e.b.BookInventorySimulationService - Simulated inventory update: Book ID=86, User=bob_jones, Old Inventory=50, New Inventory=41
2025-11-25 11:21:28 INFO  c.e.b.BookInventorySimulationService - About to update inventory: Book ID=41, User=julia_roberts, Old Inventory=3, New Inventory=10
2025-11-25 11:21:28 INFO  c.e.b.BookInventorySimulationService - Simulated inventory update: Book ID=41, User=julia_roberts, Old Inventory=3, New Inventory=10
2025-11-25 11:21:31 INFO  c.e.b.BookInventorySimulationService - About to update inventory: Book ID=48, User=alice_smith, Old Inventory=47, New Inventory=53
2025-11-25 11:21:31 INFO  c.e.b.BookInventorySimulationService - Simulated inventory update: Book ID=48, User=alice_smith, Old Inventory=47, New Inventory=53
2025-11-25 11:21:35 INFO  c.e.b.BookInventorySimulationService - About to update inventory: Book ID=19, User=alice_smith, Old Inventory=60, New Inventory=77
2025-11-25 11:21:35 INFO  c.e.b.BookInventorySimulationService - Simulated inventory update: Book ID=19, User=alice_smith, Old Inventory=60, New Inventory=77
2025-11-25 11:21:38 INFO  c.e.b.BookInventorySimulationService - About to update inventory: Book ID=11, User=diana_prince, Old Inventory=48, New Inventory=62
2025-11-25 11:21:38 INFO  c.e.b.BookInventorySimulationService - Simulated inventory update: Book ID=11, User=diana_prince, Old Inventory=48, New Inventory=62
2025-11-25 11:21:41 INFO  c.e.b.BookInventorySimulationService - About to update inventory: Book ID=35, User=fiona_green, Old Inventory=102, New Inventory=110
2025-11-25 11:21:41 INFO  c.e.b.BookInventorySimulationService - Simulated inventory update: Book ID=35, User=fiona_green, Old Inventory=102, New Inventory=110
2025-11-25 11:21:44 INFO  c.e.b.BookInventorySimulationService - About to update inventory: Book ID=32, User=hannah_martin, Old Inventory=96, New Inventory=87
2025-11-25 11:21:44 INFO  c.e.b.BookInventorySimulationService - Simulated inventory update: Book ID=32, User=hannah_martin, Old Inventory=96, New Inventory=87
2025-11-25 11:21:47 INFO  c.e.b.BookInventorySimulationService - About to update inventory: Book ID=86, User=hannah_martin, Old Inventory=41, New Inventory=46
2025-11-25 11:21:47 INFO  c.e.b.BookInventorySimulationService - Simulated inventory update: Book ID=86, User=hannah_martin, Old Inventory=41, New Inventory=46
2025-11-25 11:21:50 INFO  c.e.b.BookInventorySimulationService - About to update inventory: Book ID=64, User=julia_roberts, Old Inventory=82, New Inventory=96
2025-11-25 11:21:50 INFO  c.e.b.BookInventorySimulationService - Simulated inventory update: Book ID=64, User=julia_roberts, Old Inventory=82, New Inventory=96
2025-11-25 11:21:53 INFO  c.e.b.BookInventorySimulationService - About to update inventory: Book ID=45, User=bob_jones, Old Inventory=6, New Inventory=0
2025-11-25 11:21:53 INFO  c.e.b.BookInventorySimulationService - Simulated inventory update: Book ID=45, User=bob_jones, Old Inventory=6, New Inventory=0
2025-11-25 11:21:56 INFO  c.e.b.BookInventorySimulationService - About to update inventory: Book ID=26, User=fiona_green, Old Inventory=91, New Inventory=104
2025-11-25 11:21:56 INFO  c.e.b.BookInventorySimulationService - Simulated inventory update: Book ID=26, User=fiona_green, Old Inventory=91, New Inventory=104
2025-11-25 11:21:59 INFO  c.e.b.BookInventorySimulationService - About to update inventory: Book ID=17, User=bob_jones, Old Inventory=69, New Inventory=64
2025-11-25 11:21:59 INFO  c.e.b.BookInventorySimulationService - Simulated inventory update: Book ID=17, User=bob_jones, Old Inventory=69, New Inventory=64
2025-11-25 11:22:02 INFO  c.e.b.BookInventorySimulationService - About to update inventory: Book ID=93, User=bob_jones, Old Inventory=30, New Inventory=49
2025-11-25 11:22:02 INFO  c.e.b.BookInventorySimulationService - Simulated inventory update: Book ID=93, User=bob_jones, Old Inventory=30, New Inventory=49
2025-11-25 11:22:05 INFO  c.e.b.BookInventorySimulationService - About to update inventory: Book ID=40, User=isaac_newton, Old Inventory=0, New Inventory=6
2025-11-25 11:22:05 INFO  c.e.b.BookInventorySimulationService - Simulated inventory update: Book ID=40, User=isaac_newton, Old Inventory=0, New Inventory=6
2025-11-25 11:22:08 INFO  c.e.b.BookInventorySimulationService - About to update inventory: Book ID=32, User=edward_norton, Old Inventory=87, New Inventory=103
2025-11-25 11:22:08 INFO  c.e.b.BookInventorySimulationService - Simulated inventory update: Book ID=32, User=edward_norton, Old Inventory=87, New Inventory=103
2025-11-25 11:22:11 INFO  c.e.b.BookInventorySimulationService - About to update inventory: Book ID=79, User=george_wilson, Old Inventory=117, New Inventory=116
2025-11-25 11:22:11 INFO  c.e.b.BookInventorySimulationService - Simulated inventory update: Book ID=79, User=george_wilson, Old Inventory=117, New Inventory=116
2025-11-25 11:22:14 INFO  c.e.b.BookInventorySimulationService - About to update inventory: Book ID=72, User=alice_smith, Old Inventory=96, New Inventory=93
2025-11-25 11:22:14 INFO  c.e.b.BookInventorySimulationService - Simulated inventory update: Book ID=72, User=alice_smith, Old Inventory=96, New Inventory=93
2025-11-25 11:22:17 INFO  c.e.b.BookInventorySimulationService - About to update inventory: Book ID=86, User=diana_prince, Old Inventory=46, New Inventory=37
2025-11-25 11:22:17 INFO  c.e.b.BookInventorySimulationService - Simulated inventory update: Book ID=86, User=diana_prince, Old Inventory=46, New Inventory=37
2025-11-25 11:22:20 INFO  c.e.b.BookInventorySimulationService - About to update inventory: Book ID=91, User=bob_jones, Old Inventory=49, New Inventory=59
2025-11-25 11:22:20 INFO  c.e.b.BookInventorySimulationService - Simulated inventory update: Book ID=91, User=bob_jones, Old Inventory=49, New Inventory=59
2025-11-25 11:22:23 INFO  c.e.b.BookInventorySimulationService - About to update inventory: Book ID=29, User=edward_norton, Old Inventory=109, New Inventory=107
2025-11-25 11:22:23 INFO  c.e.b.BookInventorySimulationService - Simulated inventory update: Book ID=29, User=edward_norton, Old Inventory=109, New Inventory=107
2025-11-25 11:22:26 INFO  c.e.b.BookInventorySimulationService - About to update inventory: Book ID=9, User=fiona_green, Old Inventory=34, New Inventory=33
2025-11-25 11:22:26 INFO  c.e.b.BookInventorySimulationService - Simulated inventory update: Book ID=9, User=fiona_green, Old Inventory=34, New Inventory=33
2025-11-25 11:22:29 INFO  c.e.b.BookInventorySimulationService - About to update inventory: Book ID=58, User=george_wilson, Old Inventory=54, New Inventory=57
2025-11-25 11:22:29 INFO  c.e.b.BookInventorySimulationService - Simulated inventory update: Book ID=58, User=george_wilson, Old Inventory=54, New Inventory=57
2025-11-25 11:22:32 INFO  c.e.b.BookInventorySimulationService - About to update inventory: Book ID=12, User=george_wilson, Old Inventory=30, New Inventory=37
2025-11-25 11:22:32 INFO  c.e.b.BookInventorySimulationService - Simulated inventory update: Book ID=12, User=george_wilson, Old Inventory=30, New Inventory=37
2025-11-25 11:22:36 INFO  c.e.b.BookInventorySimulationService - About to update inventory: Book ID=75, User=fiona_green, Old Inventory=105, New Inventory=114
2025-11-25 11:22:36 INFO  c.e.b.BookInventorySimulationService - Simulated inventory update: Book ID=75, User=fiona_green, Old Inventory=105, New Inventory=114
2025-11-25 11:22:39 INFO  c.e.b.BookInventorySimulationService - About to update inventory: Book ID=43, User=bob_jones, Old Inventory=6, New Inventory=0
2025-11-25 11:22:39 INFO  c.e.b.BookInventorySimulationService - Simulated inventory update: Book ID=43, User=bob_jones, Old Inventory=6, New Inventory=0
2025-11-25 11:22:42 INFO  c.e.b.BookInventorySimulationService - About to update inventory: Book ID=35, User=edward_norton, Old Inventory=110, New Inventory=104
2025-11-25 11:22:42 INFO  c.e.b.BookInventorySimulationService - Simulated inventory update: Book ID=35, User=edward_norton, Old Inventory=110, New Inventory=104
2025-11-25 11:22:45 INFO  c.e.b.BookInventorySimulationService - About to update inventory: Book ID=66, User=julia_roberts, Old Inventory=78, New Inventory=78
2025-11-25 11:22:45 INFO  c.e.b.BookInventorySimulationService - Simulated inventory update: Book ID=66, User=julia_roberts, Old Inventory=78, New Inventory=78
2025-11-25 11:22:48 INFO  c.e.b.BookInventorySimulationService - About to update inventory: Book ID=16, User=isaac_newton, Old Inventory=48, New Inventory=61
2025-11-25 11:22:48 INFO  c.e.b.BookInventorySimulationService - Simulated inventory update: Book ID=16, User=isaac_newton, Old Inventory=48, New Inventory=61
2025-11-25 11:22:51 INFO  c.e.b.BookInventorySimulationService - About to update inventory: Book ID=36, User=bob_jones, Old Inventory=106, New Inventory=104
2025-11-25 11:22:51 INFO  c.e.b.BookInventorySimulationService - Simulated inventory update: Book ID=36, User=bob_jones, Old Inventory=106, New Inventory=104
2025-11-25 11:22:54 INFO  c.e.b.BookInventorySimulationService - About to update inventory: Book ID=35, User=edward_norton, Old Inventory=104, New Inventory=112
2025-11-25 11:22:54 INFO  c.e.b.BookInventorySimulationService - Simulated inventory update: Book ID=35, User=edward_norton, Old Inventory=104, New Inventory=112
2025-11-25 11:22:57 INFO  c.e.b.BookInventorySimulationService - About to update inventory: Book ID=6, User=edward_norton, Old Inventory=14, New Inventory=19
2025-11-25 11:22:57 INFO  c.e.b.BookInventorySimulationService - Simulated inventory update: Book ID=6, User=edward_norton, Old Inventory=14, New Inventory=19
2025-11-25 11:23:00 INFO  c.e.b.BookInventorySimulationService - About to update inventory: Book ID=18, User=diana_prince, Old Inventory=50, New Inventory=61
2025-11-25 11:23:00 INFO  c.e.b.BookInventorySimulationService - Simulated inventory update: Book ID=18, User=diana_prince, Old Inventory=50, New Inventory=61
2025-11-25 11:23:03 INFO  c.e.b.BookInventorySimulationService - About to update inventory: Book ID=42, User=isaac_newton, Old Inventory=32, New Inventory=37
2025-11-25 11:23:03 INFO  c.e.b.BookInventorySimulationService - Simulated inventory update: Book ID=42, User=isaac_newton, Old Inventory=32, New Inventory=37
2025-11-25 11:23:06 INFO  c.e.b.BookInventorySimulationService - About to update inventory: Book ID=56, User=george_wilson, Old Inventory=48, New Inventory=53
2025-11-25 11:23:06 INFO  c.e.b.BookInventorySimulationService - Simulated inventory update: Book ID=56, User=george_wilson, Old Inventory=48, New Inventory=53
2025-11-25 11:23:09 INFO  c.e.b.BookInventorySimulationService - About to update inventory: Book ID=100, User=diana_prince, Old Inventory=60, New Inventory=63
2025-11-25 11:23:09 INFO  c.e.b.BookInventorySimulationService - Simulated inventory update: Book ID=100, User=diana_prince, Old Inventory=60, New Inventory=63
2025-11-25 11:23:12 INFO  c.e.b.BookInventorySimulationService - About to update inventory: Book ID=9, User=fiona_green, Old Inventory=33, New Inventory=41
2025-11-25 11:23:12 INFO  c.e.b.BookInventorySimulationService - Simulated inventory update: Book ID=9, User=fiona_green, Old Inventory=33, New Inventory=41
2025-11-25 11:23:15 INFO  c.e.b.BookInventorySimulationService - About to update inventory: Book ID=66, User=isaac_newton, Old Inventory=78, New Inventory=83
2025-11-25 11:23:15 INFO  c.e.b.BookInventorySimulationService - Simulated inventory update: Book ID=66, User=isaac_newton, Old Inventory=78, New Inventory=83
2025-11-25 11:23:18 INFO  c.e.b.BookInventorySimulationService - About to update inventory: Book ID=93, User=bob_jones, Old Inventory=49, New Inventory=44
2025-11-25 11:23:18 INFO  c.e.b.BookInventorySimulationService - Simulated inventory update: Book ID=93, User=bob_jones, Old Inventory=49, New Inventory=44
2025-11-25 11:23:21 INFO  c.e.b.BookInventorySimulationService - About to update inventory: Book ID=33, User=george_wilson, Old Inventory=96, New Inventory=87
2025-11-25 11:23:21 INFO  c.e.b.BookInventorySimulationService - Simulated inventory update: Book ID=33, User=george_wilson, Old Inventory=96, New Inventory=87
2025-11-25 11:23:25 INFO  c.e.b.BookInventorySimulationService - About to update inventory: Book ID=46, User=diana_prince, Old Inventory=22, New Inventory=28
2025-11-25 11:23:25 INFO  c.e.b.BookInventorySimulationService - Simulated inventory update: Book ID=46, User=diana_prince, Old Inventory=22, New Inventory=28
2025-11-25 11:23:28 INFO  c.e.b.BookInventorySimulationService - About to update inventory: Book ID=24, User=julia_roberts, Old Inventory=90, New Inventory=107
2025-11-25 11:23:28 INFO  c.e.b.BookInventorySimulationService - Simulated inventory update: Book ID=24, User=julia_roberts, Old Inventory=90, New Inventory=107
2025-11-25 11:23:31 INFO  c.e.b.BookInventorySimulationService - About to update inventory: Book ID=95, User=isaac_newton, Old Inventory=45, New Inventory=47
2025-11-25 11:23:31 INFO  c.e.b.BookInventorySimulationService - Simulated inventory update: Book ID=95, User=isaac_newton, Old Inventory=45, New Inventory=47
2025-11-25 11:23:34 INFO  c.e.b.BookInventorySimulationService - About to update inventory: Book ID=87, User=isaac_newton, Old Inventory=21, New Inventory=19
2025-11-25 11:23:34 INFO  c.e.b.BookInventorySimulationService - Simulated inventory update: Book ID=87, User=isaac_newton, Old Inventory=21, New Inventory=19
2025-11-25 11:23:37 INFO  c.e.b.BookInventorySimulationService - About to update inventory: Book ID=28, User=alice_smith, Old Inventory=84, New Inventory=83
2025-11-25 11:23:37 INFO  c.e.b.BookInventorySimulationService - Simulated inventory update: Book ID=28, User=alice_smith, Old Inventory=84, New Inventory=83
2025-11-25 11:23:40 INFO  c.e.b.BookInventorySimulationService - About to update inventory: Book ID=14, User=edward_norton, Old Inventory=42, New Inventory=43
2025-11-25 11:23:40 INFO  c.e.b.BookInventorySimulationService - Simulated inventory update: Book ID=14, User=edward_norton, Old Inventory=42, New Inventory=43
2025-11-25 11:23:43 INFO  c.e.b.BookInventorySimulationService - About to update inventory: Book ID=63, User=diana_prince, Old Inventory=69, New Inventory=84
2025-11-25 11:23:43 INFO  c.e.b.BookInventorySimulationService - Simulated inventory update: Book ID=63, User=diana_prince, Old Inventory=69, New Inventory=84
2025-11-25 11:23:46 INFO  c.e.b.BookInventorySimulationService - About to update inventory: Book ID=54, User=charlie_brown, Old Inventory=46, New Inventory=37
2025-11-25 11:23:46 INFO  c.e.b.BookInventorySimulationService - Simulated inventory update: Book ID=54, User=charlie_brown, Old Inventory=46, New Inventory=37
2025-11-25 11:23:49 INFO  c.e.b.BookInventorySimulationService - About to update inventory: Book ID=10, User=alice_smith, Old Inventory=30, New Inventory=29
2025-11-25 11:23:49 INFO  c.e.b.BookInventorySimulationService - Simulated inventory update: Book ID=10, User=alice_smith, Old Inventory=30, New Inventory=29
2025-11-25 11:23:52 INFO  c.e.b.BookInventorySimulationService - About to update inventory: Book ID=68, User=george_wilson, Old Inventory=84, New Inventory=85
2025-11-25 11:23:52 INFO  c.e.b.BookInventorySimulationService - Simulated inventory update: Book ID=68, User=george_wilson, Old Inventory=84, New Inventory=85
2025-11-25 11:23:55 INFO  c.e.b.BookInventorySimulationService - About to update inventory: Book ID=20, User=edward_norton, Old Inventory=77, New Inventory=80
2025-11-25 11:23:55 INFO  c.e.b.BookInventorySimulationService - Simulated inventory update: Book ID=20, User=edward_norton, Old Inventory=77, New Inventory=80
2025-11-25 11:23:58 INFO  c.e.b.BookInventorySimulationService - About to update inventory: Book ID=63, User=bob_jones, Old Inventory=84, New Inventory=90
2025-11-25 11:23:58 INFO  c.e.b.BookInventorySimulationService - Simulated inventory update: Book ID=63, User=bob_jones, Old Inventory=84, New Inventory=90
2025-11-25 11:24:01 INFO  c.e.b.BookInventorySimulationService - About to update inventory: Book ID=32, User=diana_prince, Old Inventory=103, New Inventory=102
2025-11-25 11:24:01 INFO  c.e.b.BookInventorySimulationService - Simulated inventory update: Book ID=32, User=diana_prince, Old Inventory=103, New Inventory=102
2025-11-25 11:24:04 INFO  c.e.b.BookInventorySimulationService - About to update inventory: Book ID=45, User=isaac_newton, Old Inventory=0, New Inventory=1
2025-11-25 11:24:04 INFO  c.e.b.BookInventorySimulationService - Simulated inventory update: Book ID=45, User=isaac_newton, Old Inventory=0, New Inventory=1
2025-11-25 11:24:07 INFO  c.e.b.BookInventorySimulationService - About to update inventory: Book ID=70, User=george_wilson, Old Inventory=79, New Inventory=92
2025-11-25 11:24:07 INFO  c.e.b.BookInventorySimulationService - Simulated inventory update: Book ID=70, User=george_wilson, Old Inventory=79, New Inventory=92
2025-11-25 11:24:10 INFO  c.e.b.BookInventorySimulationService - About to update inventory: Book ID=83, User=diana_prince, Old Inventory=11, New Inventory=28
2025-11-25 11:24:10 INFO  c.e.b.BookInventorySimulationService - Simulated inventory update: Book ID=83, User=diana_prince, Old Inventory=11, New Inventory=28
2025-11-25 11:24:13 INFO  c.e.b.BookInventorySimulationService - About to update inventory: Book ID=72, User=bob_jones, Old Inventory=93, New Inventory=92
2025-11-25 11:24:13 INFO  c.e.b.BookInventorySimulationService - Simulated inventory update: Book ID=72, User=bob_jones, Old Inventory=93, New Inventory=92
2025-11-25 11:24:16 INFO  c.e.b.BookInventorySimulationService - About to update inventory: Book ID=11, User=edward_norton, Old Inventory=62, New Inventory=77
2025-11-25 11:24:16 INFO  c.e.b.BookInventorySimulationService - Simulated inventory update: Book ID=11, User=edward_norton, Old Inventory=62, New Inventory=77
2025-11-25 11:24:19 INFO  c.e.b.BookInventorySimulationService - About to update inventory: Book ID=73, User=diana_prince, Old Inventory=128, New Inventory=148
2025-11-25 11:24:19 INFO  c.e.b.BookInventorySimulationService - Simulated inventory update: Book ID=73, User=diana_prince, Old Inventory=128, New Inventory=148
2025-11-25 11:24:23 INFO  c.e.b.BookInventorySimulationService - About to update inventory: Book ID=77, User=alice_smith, Old Inventory=111, New Inventory=104
2025-11-25 11:24:23 INFO  c.e.b.BookInventorySimulationService - Simulated inventory update: Book ID=77, User=alice_smith, Old Inventory=111, New Inventory=104
2025-11-25 11:24:26 INFO  c.e.b.BookInventorySimulationService - About to update inventory: Book ID=78, User=diana_prince, Old Inventory=126, New Inventory=129
2025-11-25 11:24:26 INFO  c.e.b.BookInventorySimulationService - Simulated inventory update: Book ID=78, User=diana_prince, Old Inventory=126, New Inventory=129
2025-11-25 11:24:29 INFO  c.e.b.BookInventorySimulationService - About to update inventory: Book ID=83, User=edward_norton, Old Inventory=28, New Inventory=48
2025-11-25 11:24:29 INFO  c.e.b.BookInventorySimulationService - Simulated inventory update: Book ID=83, User=edward_norton, Old Inventory=28, New Inventory=48
2025-11-25 11:24:32 INFO  c.e.b.BookInventorySimulationService - About to update inventory: Book ID=29, User=edward_norton, Old Inventory=107, New Inventory=124
2025-11-25 11:24:32 INFO  c.e.b.BookInventorySimulationService - Simulated inventory update: Book ID=29, User=edward_norton, Old Inventory=107, New Inventory=124
2025-11-25 11:24:35 INFO  c.e.b.BookInventorySimulationService - About to update inventory: Book ID=45, User=fiona_green, Old Inventory=1, New Inventory=0
2025-11-25 11:24:35 INFO  c.e.b.BookInventorySimulationService - Simulated inventory update: Book ID=45, User=fiona_green, Old Inventory=1, New Inventory=0
2025-11-25 11:24:38 INFO  c.e.b.BookInventorySimulationService - About to update inventory: Book ID=21, User=julia_roberts, Old Inventory=57, New Inventory=57
2025-11-25 11:24:38 INFO  c.e.b.BookInventorySimulationService - Simulated inventory update: Book ID=21, User=julia_roberts, Old Inventory=57, New Inventory=57
2025-11-25 11:24:41 INFO  c.e.b.BookInventorySimulationService - About to update inventory: Book ID=5, User=diana_prince, Old Inventory=20, New Inventory=19
2025-11-25 11:24:41 INFO  c.e.b.BookInventorySimulationService - Simulated inventory update: Book ID=5, User=diana_prince, Old Inventory=20, New Inventory=19
2025-11-25 11:24:44 INFO  c.e.b.BookInventorySimulationService - About to update inventory: Book ID=91, User=hannah_martin, Old Inventory=59, New Inventory=60
2025-11-25 11:24:44 INFO  c.e.b.BookInventorySimulationService - Simulated inventory update: Book ID=91, User=hannah_martin, Old Inventory=59, New Inventory=60
2025-11-25 11:24:47 INFO  c.e.b.BookInventorySimulationService - About to update inventory: Book ID=62, User=diana_prince, Old Inventory=76, New Inventory=74
2025-11-25 11:24:47 INFO  c.e.b.BookInventorySimulationService - Simulated inventory update: Book ID=62, User=diana_prince, Old Inventory=76, New Inventory=74
2025-11-25 11:24:50 INFO  c.e.b.BookInventorySimulationService - About to update inventory: Book ID=60, User=george_wilson, Old Inventory=72, New Inventory=70
2025-11-25 11:24:50 INFO  c.e.b.BookInventorySimulationService - Simulated inventory update: Book ID=60, User=george_wilson, Old Inventory=72, New Inventory=70
2025-11-25 11:24:53 INFO  c.e.b.BookInventorySimulationService - About to update inventory: Book ID=24, User=isaac_newton, Old Inventory=107, New Inventory=113
2025-11-25 11:24:53 INFO  c.e.b.BookInventorySimulationService - Simulated inventory update: Book ID=24, User=isaac_newton, Old Inventory=107, New Inventory=113
2025-11-25 11:24:56 INFO  c.e.b.BookInventorySimulationService - About to update inventory: Book ID=45, User=hannah_martin, Old Inventory=0, New Inventory=0
2025-11-25 11:24:56 INFO  c.e.b.BookInventorySimulationService - Simulated inventory update: Book ID=45, User=hannah_martin, Old Inventory=0, New Inventory=0
2025-11-25 11:24:59 INFO  c.e.b.BookInventorySimulationService - About to update inventory: Book ID=64, User=julia_roberts, Old Inventory=96, New Inventory=88
2025-11-25 11:24:59 INFO  c.e.b.BookInventorySimulationService - Simulated inventory update: Book ID=64, User=julia_roberts, Old Inventory=96, New Inventory=88
2025-11-25 11:25:02 INFO  c.e.b.BookInventorySimulationService - About to update inventory: Book ID=96, User=edward_norton, Old Inventory=56, New Inventory=58
2025-11-25 11:25:02 INFO  c.e.b.BookInventorySimulationService - Simulated inventory update: Book ID=96, User=edward_norton, Old Inventory=56, New Inventory=58
2025-11-25 11:25:05 INFO  c.e.b.BookInventorySimulationService - About to update inventory: Book ID=23, User=diana_prince, Old Inventory=68, New Inventory=86
2025-11-25 11:25:05 INFO  c.e.b.BookInventorySimulationService - Simulated inventory update: Book ID=23, User=diana_prince, Old Inventory=68, New Inventory=86
2025-11-25 11:25:08 INFO  c.e.b.BookInventorySimulationService - About to update inventory: Book ID=4, User=bob_jones, Old Inventory=12, New Inventory=25
2025-11-25 11:25:08 INFO  c.e.b.BookInventorySimulationService - Simulated inventory update: Book ID=4, User=bob_jones, Old Inventory=12, New Inventory=25
2025-11-25 11:25:11 INFO  c.e.b.BookInventorySimulationService - About to update inventory: Book ID=48, User=george_wilson, Old Inventory=53, New Inventory=47
2025-11-25 11:25:11 INFO  c.e.b.BookInventorySimulationService - Simulated inventory update: Book ID=48, User=george_wilson, Old Inventory=53, New Inventory=47
2025-11-25 11:25:14 INFO  c.e.b.BookInventorySimulationService - About to update inventory: Book ID=44, User=george_wilson, Old Inventory=12, New Inventory=22
2025-11-25 11:25:14 INFO  c.e.b.BookInventorySimulationService - Simulated inventory update: Book ID=44, User=george_wilson, Old Inventory=12, New Inventory=22
2025-11-25 11:25:17 INFO  c.e.b.BookInventorySimulationService - About to update inventory: Book ID=4, User=isaac_newton, Old Inventory=25, New Inventory=43
2025-11-25 11:25:17 INFO  c.e.b.BookInventorySimulationService - Simulated inventory update: Book ID=4, User=isaac_newton, Old Inventory=25, New Inventory=43
2025-11-25 11:25:21 INFO  c.e.b.BookInventorySimulationService - About to update inventory: Book ID=82, User=fiona_green, Old Inventory=6, New Inventory=0
2025-11-25 11:25:21 INFO  c.e.b.BookInventorySimulationService - Simulated inventory update: Book ID=82, User=fiona_green, Old Inventory=6, New Inventory=0
2025-11-25 11:25:24 INFO  c.e.b.BookInventorySimulationService - About to update inventory: Book ID=36, User=edward_norton, Old Inventory=104, New Inventory=113
2025-11-25 11:25:24 INFO  c.e.b.BookInventorySimulationService - Simulated inventory update: Book ID=36, User=edward_norton, Old Inventory=104, New Inventory=113
2025-11-25 11:25:27 INFO  c.e.b.BookInventorySimulationService - About to update inventory: Book ID=67, User=edward_norton, Old Inventory=97, New Inventory=114
2025-11-25 11:25:27 INFO  c.e.b.BookInventorySimulationService - Simulated inventory update: Book ID=67, User=edward_norton, Old Inventory=97, New Inventory=114
2025-11-25 11:25:30 INFO  c.e.b.BookInventorySimulationService - About to update inventory: Book ID=16, User=charlie_brown, Old Inventory=61, New Inventory=65
2025-11-25 11:25:30 INFO  c.e.b.BookInventorySimulationService - Simulated inventory update: Book ID=16, User=charlie_brown, Old Inventory=61, New Inventory=65
2025-11-25 11:25:33 INFO  c.e.b.BookInventorySimulationService - About to update inventory: Book ID=19, User=julia_roberts, Old Inventory=77, New Inventory=93
2025-11-25 11:25:33 INFO  c.e.b.BookInventorySimulationService - Simulated inventory update: Book ID=19, User=julia_roberts, Old Inventory=77, New Inventory=93
2025-11-25 11:25:36 INFO  c.e.b.BookInventorySimulationService - About to update inventory: Book ID=74, User=isaac_newton, Old Inventory=102, New Inventory=115
2025-11-25 11:25:36 INFO  c.e.b.BookInventorySimulationService - Simulated inventory update: Book ID=74, User=isaac_newton, Old Inventory=102, New Inventory=115
2025-11-25 11:25:39 INFO  c.e.b.BookInventorySimulationService - About to update inventory: Book ID=71, User=hannah_martin, Old Inventory=112, New Inventory=111
2025-11-25 11:25:39 INFO  c.e.b.BookInventorySimulationService - Simulated inventory update: Book ID=71, User=hannah_martin, Old Inventory=112, New Inventory=111
2025-11-25 11:25:42 INFO  c.e.b.BookInventorySimulationService - About to update inventory: Book ID=53, User=charlie_brown, Old Inventory=39, New Inventory=34
2025-11-25 11:25:42 INFO  c.e.b.BookInventorySimulationService - Simulated inventory update: Book ID=53, User=charlie_brown, Old Inventory=39, New Inventory=34
2025-11-25 11:25:45 INFO  c.e.b.BookInventorySimulationService - About to update inventory: Book ID=4, User=isaac_newton, Old Inventory=43, New Inventory=53
2025-11-25 11:25:45 INFO  c.e.b.BookInventorySimulationService - Simulated inventory update: Book ID=4, User=isaac_newton, Old Inventory=43, New Inventory=53
2025-11-25 11:25:48 INFO  c.e.b.BookInventorySimulationService - About to update inventory: Book ID=64, User=charlie_brown, Old Inventory=88, New Inventory=82
2025-11-25 11:25:48 INFO  c.e.b.BookInventorySimulationService - Simulated inventory update: Book ID=64, User=charlie_brown, Old Inventory=88, New Inventory=82
2025-11-25 11:25:51 INFO  c.e.b.BookInventorySimulationService - About to update inventory: Book ID=62, User=george_wilson, Old Inventory=74, New Inventory=65
2025-11-25 11:25:51 INFO  c.e.b.BookInventorySimulationService - Simulated inventory update: Book ID=62, User=george_wilson, Old Inventory=74, New Inventory=65
2025-11-25 11:25:54 INFO  c.e.b.BookInventorySimulationService - About to update inventory: Book ID=16, User=hannah_martin, Old Inventory=65, New Inventory=83
2025-11-25 11:25:54 INFO  c.e.b.BookInventorySimulationService - Simulated inventory update: Book ID=16, User=hannah_martin, Old Inventory=65, New Inventory=83
2025-11-25 11:25:57 INFO  c.e.b.BookInventorySimulationService - About to update inventory: Book ID=59, User=bob_jones, Old Inventory=63, New Inventory=76
2025-11-25 11:25:57 INFO  c.e.b.BookInventorySimulationService - Simulated inventory update: Book ID=59, User=bob_jones, Old Inventory=63, New Inventory=76
